0 info it worked if it ends with ok
1 verbose cli [ '/usr/bin/nodejs', '/usr/bin/npm', 'run-script', 'dev' ]
2 info using npm@3.5.2
3 info using node@v4.2.6
4 verbose run-script [ 'predev', 'dev', 'postdev' ]
5 info lifecycle node_crash_course@1.0.0~predev: node_crash_course@1.0.0
6 silly lifecycle node_crash_course@1.0.0~predev: no script for predev, continuing
7 info lifecycle node_crash_course@1.0.0~dev: node_crash_course@1.0.0
8 verbose lifecycle node_crash_course@1.0.0~dev: unsafe-perm in lifecycle true
9 verbose lifecycle node_crash_course@1.0.0~dev: PATH: /usr/share/npm/bin/node-gyp-bin:/home/alex/javascript/node_crash_course/node_modules/.bin:/home/alex/anaconda3/bin:/home/alex/anaconda3/condabin:/home/alex/miniconda3/bin:/home/alex/bin:/home/alex/.local/bin:/usr/local/sbin:/usr/local/bin:/usr/sbin:/usr/bin:/sbin:/bin:/usr/games:/usr/local/games
10 verbose lifecycle node_crash_course@1.0.0~dev: CWD: /home/alex/javascript/node_crash_course
11 silly lifecycle node_crash_course@1.0.0~dev: Args: [ '-c', 'nodemon index' ]
12 silly lifecycle node_crash_course@1.0.0~dev: Returned: code: 1  signal: null
13 info lifecycle node_crash_course@1.0.0~dev: Failed to exec dev script
14 verbose stack Error: node_crash_course@1.0.0 dev: `nodemon index`
14 verbose stack Exit status 1
14 verbose stack     at EventEmitter.<anonymous> (/usr/share/npm/lib/utils/lifecycle.js:232:16)
14 verbose stack     at emitTwo (events.js:87:13)
14 verbose stack     at EventEmitter.emit (events.js:172:7)
14 verbose stack     at ChildProcess.<anonymous> (/usr/share/npm/lib/utils/spawn.js:24:14)
14 verbose stack     at emitTwo (events.js:87:13)
14 verbose stack     at ChildProcess.emit (events.js:172:7)
14 verbose stack     at maybeClose (internal/child_process.js:821:16)
14 verbose stack     at Process.ChildProcess._handle.onexit (internal/child_process.js:211:5)
15 verbose pkgid node_crash_course@1.0.0
16 verbose cwd /home/alex/javascript/node_crash_course
17 error Linux 4.15.0-106-generic
18 error argv "/usr/bin/nodejs" "/usr/bin/npm" "run-script" "dev"
19 error node v4.2.6
20 error npm  v3.5.2
21 error code ELIFECYCLE
22 error node_crash_course@1.0.0 dev: `nodemon index`
22 error Exit status 1
23 error Failed at the node_crash_course@1.0.0 dev script 'nodemon index'.
23 error Make sure you have the latest version of node.js and npm installed.
23 error If you do, this is most likely a problem with the node_crash_course package,
23 error not with npm itself.
23 error Tell the author that this fails on your system:
23 error     nodemon index
23 error You can get information on how to open an issue for this project with:
23 error     npm bugs node_crash_course
23 error Or if that isn't available, you can get their info via:
23 error     npm owner ls node_crash_course
23 error There is likely additional logging output above.
24 verbose exit [ 1, true ]
